<?xml version="1.0" encoding="UTF-8"?>
<!-- Generated by org.testng.reporters.JUnitReportReporter -->
<testsuite hostname="LAPTOP-FS5UPGRD" failures="0" tests="1" name="testcases.Oc_002myinfo" time="11.445" errors="0" timestamp="2023-03-23T20:34:33 IST" skipped="0">
  <testcase classname="testcases.Oc_002myinfo" name="myinfopage" time="11.445"/>
  <system-out/>
</testsuite> <!-- testcases.Oc_002myinfo -->
