<?xml version="1.0" encoding="UTF-8"?>
<!-- Generated by org.testng.reporters.JUnitReportReporter -->
<testsuite hostname="LAPTOP-FS5UPGRD" failures="0" tests="1" name="testcases.AdminClass" time="109.418" errors="0" timestamp="2023-03-24T20:43:45 IST" skipped="0">
  <testcase classname="testcases.AdminClass" name="adminprofile" time="109.418"/>
  <system-out/>
</testsuite> <!-- testcases.AdminClass -->
