<?xml version="1.0" encoding="UTF-8"?>
<!-- Generated by org.testng.reporters.JUnitReportReporter -->
<testsuite hostname="LAPTOP-FS5UPGRD" failures="0" tests="1" name="testcases.Oc_005myInfo" time="7.328" errors="0" timestamp="2023-03-28T10:33:59 IST" skipped="0">
  <testcase classname="testcases.Oc_005myInfo" name="myinfocredentials" time="7.328"/>
  <system-out/>
</testsuite> <!-- testcases.Oc_005myInfo -->
