<?xml version="1.0" encoding="UTF-8"?>
<!-- Generated by org.testng.reporters.JUnitReportReporter -->
<testsuite hostname="LAPTOP-FS5UPGRD" failures="0" tests="1" name="testcases.Oc_4Checkbox" time="8.312" errors="0" timestamp="2023-03-28T10:15:48 IST" skipped="0">
  <testcase classname="testcases.Oc_4Checkbox" name="checkbox" time="8.312"/>
  <system-out/>
</testsuite> <!-- testcases.Oc_4Checkbox -->
