<?xml version="1.0" encoding="UTF-8"?>
<!-- Generated by org.testng.reporters.JUnitReportReporter -->
<testsuite hostname="LAPTOP-FS5UPGRD" failures="0" tests="1" name="testcases.Oc_001login" time="4.737" errors="0" timestamp="2023-03-24T10:56:43 IST" skipped="0">
  <testcase classname="testcases.Oc_001login" name="login" time="4.737"/>
  <system-out/>
</testsuite> <!-- testcases.Oc_001login -->
