<?xml version="1.0" encoding="UTF-8"?>
<!-- Generated by org.testng.reporters.JUnitReportReporter -->
<testsuite hostname="LAPTOP-FS5UPGRD" failures="0" tests="1" name="testcases.Oc_004Checkbox" time="12.398" errors="0" timestamp="2023-03-30T10:43:13 IST" skipped="0">
  <testcase classname="testcases.Oc_004Checkbox" name="checkbox" time="12.398"/>
  <system-out/>
</testsuite> <!-- testcases.Oc_004Checkbox -->
