<?xml version="1.0" encoding="UTF-8"?>
<!-- Generated by org.testng.reporters.JUnitReportReporter -->
<testsuite hostname="LAPTOP-FS5UPGRD" failures="0" tests="3" name="testcases.Oc_001ddtlogin" time="86.843" errors="0" timestamp="2023-03-24T10:56:43 IST" skipped="0">
  <testcase classname="testcases.Oc_001ddtlogin" name="loginddt" time="37.670"/>
  <system-out/>
  <testcase classname="testcases.Oc_001ddtlogin" name="loginddt" time="38.222"/>
  <system-out/>
  <testcase classname="testcases.Oc_001ddtlogin" name="loginddt" time="10.951"/>
  <system-out/>
</testsuite> <!-- testcases.Oc_001ddtlogin -->
