<?xml version="1.0" encoding="UTF-8"?>
<!-- Generated by org.testng.reporters.JUnitReportReporter -->
<testsuite hostname="LAPTOP-FS5UPGRD" failures="0" tests="1" name="testcases.Oc_006Myinfo" time="52.942" errors="0" timestamp="2023-04-01T11:06:04 IST" skipped="0">
  <testcase classname="testcases.Oc_006Myinfo" name="myinfopage" time="52.942"/>
  <system-out/>
</testsuite> <!-- testcases.Oc_006Myinfo -->
